<?xml version="1.0" encoding="UTF-8"?>
<!-- Generated by org.testng.reporters.JUnitReportReporter -->
<testsuite hostname="DESKTOP-MQLPV38" failures="0" tests="1" name="testCases.TC__002__AddTo_Cart_Product" time="1.073" errors="0" timestamp="2024-06-22T18:09:22 IST" skipped="0">
  <testcase classname="testCases.TC__002__AddTo_Cart_Product" name="AddTo_cart" time="1.073"/>
</testsuite> <!-- testCases.TC__002__AddTo_Cart_Product -->
