<?xml version="1.0" encoding="UTF-8"?>
<!-- Generated by org.testng.reporters.JUnitReportReporter -->
<testsuite hostname="DESKTOP-MQLPV38" failures="0" tests="1" name="testCases.TC__001__LoginPage" time="0.297" errors="0" timestamp="2024-06-22T18:09:22 IST" skipped="0">
  <testcase classname="testCases.TC__001__LoginPage" name="login" time="0.297"/>
</testsuite> <!-- testCases.TC__001__LoginPage -->
